RXSDK/RXSDK-Android/channel/app_channel/build/intermediates/manifest_merge_blame_file/baseDebug/manifest-merger-blame-base-debug-report.txt
1<?xml version="1.0" encoding="utf-8"?>
2<manifest xmlns:android="http://schemas.android.com/apk/res/android"
3    package="com.ruixue.c.base"
4    android:versionCode="8"
5    android:versionName="4.0.21" >
6
7    <uses-sdk
8        android:minSdkVersion="21"
8-->src/main/AndroidManifest.xml
9        android:targetSdkVersion="28" />
9-->src/main/AndroidManifest.xml
10
11    <uses-permission android:name="android.permission.INTERNET" />
11-->[:rxsdk_base_ui] AndroidManifest.xml:8:5-67
11-->[:rxsdk_base_ui] AndroidManifest.xml:8:22-64
12    <uses-permission android:name="android.permission.ACCESS_WIFI_STATE" />
12-->[:rxsdk_base_ui] AndroidManifest.xml:9:5-76
12-->[:rxsdk_base_ui] AndroidManifest.xml:9:22-73
13    <uses-permission android:name="android.permission.ACCESS_NETWORK_STATE" />
13-->[:rxsdk_base_ui] AndroidManifest.xml:10:5-79
13-->[:rxsdk_base_ui] AndroidManifest.xml:10:22-76
14    <uses-permission android:name="android.permission.READ_EXTERNAL_STORAGE" />
14-->[:rxsdk_base] AndroidManifest.xml:11:5-80
14-->[:rxsdk_base] AndroidManifest.xml:11:22-77
15    <uses-permission android:name="com.asus.msa.SupplementaryDID.ACCESS" />
15-->[:rxsdk_base] AndroidManifest.xml:12:5-76
15-->[:rxsdk_base] AndroidManifest.xml:12:22-73
16    <uses-permission android:name="freemme.permission.msa" /> <!-- Android 11+：https://developer.android.google.cn/about/versions/11/privacy/package-visibility?hl=zh-cn -->
16-->[:rxsdk_base] AndroidManifest.xml:13:5-62
16-->[:rxsdk_base] AndroidManifest.xml:13:22-59
17    <queries>
17-->[:rxsdk_base] AndroidManifest.xml:15:5-38:15
18
19        <!-- google -->
20        <package android:name="com.google.android.gms" />
20-->[:rxsdk_base] AndroidManifest.xml:18:9-58
20-->[:rxsdk_base] AndroidManifest.xml:18:18-55
21        <package android:name="com.android.vending" />
21-->[:rxsdk_base] AndroidManifest.xml:19:9-55
21-->[:rxsdk_base] AndroidManifest.xml:19:18-52
22        <!-- freeme -->
23        <package android:name="com.android.creator" />
23-->[:rxsdk_base] AndroidManifest.xml:21:9-55
23-->[:rxsdk_base] AndroidManifest.xml:21:18-52
24        <!-- zte -->
25        <package android:name="com.mdid.msa" />
25-->[:rxsdk_base] AndroidManifest.xml:23:9-48
25-->[:rxsdk_base] AndroidManifest.xml:23:18-45
26        <!-- samsung -->
27        <package android:name="com.samsung.android.deviceidservice" />
27-->[:rxsdk_base] AndroidManifest.xml:25:9-71
27-->[:rxsdk_base] AndroidManifest.xml:25:18-68
28        <!-- coolpad -->
29        <package android:name="com.coolpad.deviceidsupport" />
29-->[:rxsdk_base] AndroidManifest.xml:27:9-63
29-->[:rxsdk_base] AndroidManifest.xml:27:18-60
30        <!-- oppo -->
31        <package android:name="com.heytap.openid" />
31-->[:rxsdk_base] AndroidManifest.xml:29:9-53
31-->[:rxsdk_base] AndroidManifest.xml:29:18-50
32        <!-- huawei -->
33        <package android:name="com.huawei.hwid" />
33-->[:rxsdk_base] AndroidManifest.xml:31:9-51
33-->[:rxsdk_base] AndroidManifest.xml:31:18-48
34        <package android:name="com.huawei.hwid.tv" />
34-->[:rxsdk_base] AndroidManifest.xml:32:9-54
34-->[:rxsdk_base] AndroidManifest.xml:32:18-51
35        <package android:name="com.huawei.hms" />
35-->[:rxsdk_base] AndroidManifest.xml:33:9-50
35-->[:rxsdk_base] AndroidManifest.xml:33:18-47
36        <!-- asus -->
37        <package android:name="com.asus.msa.SupplementaryDID" />
37-->[:rxsdk_base] AndroidManifest.xml:35:9-65
37-->[:rxsdk_base] AndroidManifest.xml:35:18-62
38        <!-- lenovo -->
39        <package android:name="com.zui.deviceidservice" />
39-->[:rxsdk_base] AndroidManifest.xml:37:9-59
39-->[:rxsdk_base] AndroidManifest.xml:37:18-56
40    </queries>
41
42    <application
42-->src/main/AndroidManifest.xml:6:5-8:19
43        android:appComponentFactory="androidx.core.app.CoreComponentFactory"
43-->[androidx.core:core:1.7.0] AndroidManifest.xml:24:18-86
44        android:debuggable="true"
45        android:requestLegacyExternalStorage="true"
45-->[:rxsdk_base] AndroidManifest.xml:41:9-52
46        android:testOnly="true"
47        android:usesCleartextTraffic="true" >
47-->[:rxsdk_base] AndroidManifest.xml:42:9-44
48        <activity
48-->[:rxsdk_base_ui] AndroidManifest.xml:13:9-19:72
49            android:name="com.ruixue.realauth.IdCardKeyboardActivity"
49-->[:rxsdk_base_ui] AndroidManifest.xml:14:13-70
50            android:excludeFromRecents="true"
50-->[:rxsdk_base_ui] AndroidManifest.xml:15:13-46
51            android:exported="false"
51-->[:rxsdk_base_ui] AndroidManifest.xml:16:13-37
52            android:launchMode="singleTop"
52-->[:rxsdk_base_ui] AndroidManifest.xml:17:13-43
53            android:taskAffinity=""
53-->[:rxsdk_base_ui] AndroidManifest.xml:18:13-36
54            android:theme="@style/RuiXueIdCardKeyboardActivityTheme" /> <!-- 表示当前项目已经适配了分区存储特性 -->
54-->[:rxsdk_base_ui] AndroidManifest.xml:19:13-69
55        <meta-data
55-->[:rxsdk_base] AndroidManifest.xml:46:9-48:36
56            android:name="ScopedStorage"
56-->[:rxsdk_base] AndroidManifest.xml:47:13-41
57            android:value="true" />
57-->[:rxsdk_base] AndroidManifest.xml:48:13-33
58
59        <activity
59-->[:rxsdk_base] AndroidManifest.xml:50:9-55:75
60            android:name="com.ruixue.callback.RXEntryActivity"
60-->[:rxsdk_base] AndroidManifest.xml:51:13-63
61            android:enabled="true"
61-->[:rxsdk_base] AndroidManifest.xml:52:13-35
62            android:exported="true"
62-->[:rxsdk_base] AndroidManifest.xml:53:13-36
63            android:launchMode="singleTask"
63-->[:rxsdk_base] AndroidManifest.xml:54:13-44
64            android:theme="@android:style/Theme.Translucent.NoTitleBar" />
64-->[:rxsdk_base] AndroidManifest.xml:55:13-72
65
66        <provider
66-->[:rxsdk_base] AndroidManifest.xml:57:9-65:20
67            android:name="com.ruixue.internal.RXFileProvider"
67-->[:rxsdk_base] AndroidManifest.xml:58:13-62
68            android:authorities="com.ruixue.c.base.rxfileprovider"
68-->[:rxsdk_base] AndroidManifest.xml:59:13-66
69            android:exported="false"
69-->[:rxsdk_base] AndroidManifest.xml:60:13-37
70            android:grantUriPermissions="true" >
70-->[:rxsdk_base] AndroidManifest.xml:61:13-47
71            <meta-data
71-->[:rxsdk_base] AndroidManifest.xml:62:13-64:66
72                android:name="android.support.FILE_PROVIDER_PATHS"
72-->[:rxsdk_base] AndroidManifest.xml:63:17-67
73                android:resource="@xml/rx_file_provider_paths" />
73-->[:rxsdk_base] AndroidManifest.xml:64:17-63
74        </provider>
75        <provider
75-->[androidx.emoji2:emoji2:1.0.0] AndroidManifest.xml:26:9-34:20
76            android:name="androidx.startup.InitializationProvider"
76-->[androidx.emoji2:emoji2:1.0.0] AndroidManifest.xml:27:13-67
77            android:authorities="com.ruixue.c.base.androidx-startup"
77-->[androidx.emoji2:emoji2:1.0.0] AndroidManifest.xml:28:13-68
78            android:exported="false" >
78-->[androidx.emoji2:emoji2:1.0.0] AndroidManifest.xml:29:13-37
79            <meta-data
79-->[androidx.emoji2:emoji2:1.0.0] AndroidManifest.xml:31:13-33:52
80                android:name="androidx.emoji2.text.EmojiCompatInitializer"
80-->[androidx.emoji2:emoji2:1.0.0] AndroidManifest.xml:32:17-75
81                android:value="androidx.startup" />
81-->[androidx.emoji2:emoji2:1.0.0] AndroidManifest.xml:33:17-49
82            <meta-data
82-->[androidx.lifecycle:lifecycle-process:2.6.2] AndroidManifest.xml:29:13-31:52
83                android:name="androidx.lifecycle.ProcessLifecycleInitializer"
83-->[androidx.lifecycle:lifecycle-process:2.6.2] AndroidManifest.xml:30:17-78
84                android:value="androidx.startup" />
84-->[androidx.lifecycle:lifecycle-process:2.6.2] AndroidManifest.xml:31:17-49
85            <meta-data
85-->[androidx.profileinstaller:profileinstaller:1.3.0] AndroidManifest.xml:29:13-31:52
86                android:name="androidx.profileinstaller.ProfileInstallerInitializer"
86-->[androidx.profileinstaller:profileinstaller:1.3.0] AndroidManifest.xml:30:17-85
87                android:value="androidx.startup" />
87-->[androidx.profileinstaller:profileinstaller:1.3.0] AndroidManifest.xml:31:17-49
88        </provider>
89
90        <receiver
90-->[androidx.profileinstaller:profileinstaller:1.3.0] AndroidManifest.xml:34:9-52:20
91            android:name="androidx.profileinstaller.ProfileInstallReceiver"
91-->[androidx.profileinstaller:profileinstaller:1.3.0] AndroidManifest.xml:35:13-76
92            android:directBootAware="false"
92-->[androidx.profileinstaller:profileinstaller:1.3.0] AndroidManifest.xml:36:13-44
93            android:enabled="true"
93-->[androidx.profileinstaller:profileinstaller:1.3.0] AndroidManifest.xml:37:13-35
94            android:exported="true"
94-->[androidx.profileinstaller:profileinstaller:1.3.0] AndroidManifest.xml:38:13-36
95            android:permission="android.permission.DUMP" >
95-->[androidx.profileinstaller:profileinstaller:1.3.0] AndroidManifest.xml:39:13-57
96            <intent-filter>
96-->[androidx.profileinstaller:profileinstaller:1.3.0] AndroidManifest.xml:40:13-42:29
97                <action android:name="androidx.profileinstaller.action.INSTALL_PROFILE" />
97-->[androidx.profileinstaller:profileinstaller:1.3.0] AndroidManifest.xml:41:17-91
97-->[androidx.profileinstaller:profileinstaller:1.3.0] AndroidManifest.xml:41:25-88
98            </intent-filter>
99            <intent-filter>
99-->[androidx.profileinstaller:profileinstaller:1.3.0] AndroidManifest.xml:43:13-45:29
100                <action android:name="androidx.profileinstaller.action.SKIP_FILE" />
100-->[androidx.profileinstaller:profileinstaller:1.3.0] AndroidManifest.xml:44:17-85
100-->[androidx.profileinstaller:profileinstaller:1.3.0] AndroidManifest.xml:44:25-82
101            </intent-filter>
102            <intent-filter>
102-->[androidx.profileinstaller:profileinstaller:1.3.0] AndroidManifest.xml:46:13-48:29
103                <action android:name="androidx.profileinstaller.action.SAVE_PROFILE" />
103-->[androidx.profileinstaller:profileinstaller:1.3.0] AndroidManifest.xml:47:17-88
103-->[androidx.profileinstaller:profileinstaller:1.3.0] AndroidManifest.xml:47:25-85
104            </intent-filter>
105            <intent-filter>
105-->[androidx.profileinstaller:profileinstaller:1.3.0] AndroidManifest.xml:49:13-51:29
106                <action android:name="androidx.profileinstaller.action.BENCHMARK_OPERATION" />
106-->[androidx.profileinstaller:profileinstaller:1.3.0] AndroidManifest.xml:50:17-95
106-->[androidx.profileinstaller:profileinstaller:1.3.0] AndroidManifest.xml:50:25-92
107            </intent-filter>
108        </receiver>
109    </application>
110
111</manifest>